{"uuid":"530cd135-1ef1-409d-b640-642503b253c4","historyId":"dd48a027782807c55a8a567bceb51157","testCaseId":"[engine:junit-vintage]/[runner:StepDefinitions.TestRunner]/[test:rO0ABXNyAClpby5jdWN1bWJlci5qdW5pdC5GZWF0dXJlUnVubmVyJEZlYXR1cmVJZAAAAAAAAAABAgABTAADdXJpdAAOTGphdmEvbmV0L1VSSTt4cHNyAAxqYXZhLm5ldC5VUkmsAXguQ55JqwMAAUwABnN0cmluZ3QAEkxqYXZhL2xhbmcvU3RyaW5nO3hwdABkZmlsZTovLy9DOi9Vc2Vycy91Z29iby9naXQvQW1ha2FEZW1vX21hdmVuL0NsYXNzX2RlX3Rlc3Qvc3JjL3Rlc3QvcmVzb3VyY2VzL0ZlYXR1cmVzL3Nwb3RpZnkuZmVhdHVyZXg=]/[test:rO0ABXNyAChpby5jdWN1bWJlci5qdW5pdC5QaWNrbGVSdW5uZXJzJFBpY2tsZUlkAAAAAAAAAAECAAJJAApwaWNrbGVMaW5lTAADdXJpdAAOTGphdmEvbmV0L1VSSTt4cAAAAAxzcgAMamF2YS5uZXQuVVJJrAF4LkOeSasDAAFMAAZzdHJpbmd0ABJMamF2YS9sYW5nL1N0cmluZzt4cHQAZGZpbGU6Ly8vQzovVXNlcnMvdWdvYm8vZ2l0L0FtYWthRGVtb19tYXZlbi9DbGFzc19kZV90ZXN0L3NyYy90ZXN0L3Jlc291cmNlcy9GZWF0dXJlcy9zcG90aWZ5LmZlYXR1cmV4]","testCaseName":"Se connecter WAP #1","labels":[{"name":"junit.platform.uniqueid","value":"[engine:junit-vintage]/[runner:StepDefinitions.TestRunner]/[test:rO0ABXNyAClpby5jdWN1bWJlci5qdW5pdC5GZWF0dXJlUnVubmVyJEZlYXR1cmVJZAAAAAAAAAABAgABTAADdXJpdAAOTGphdmEvbmV0L1VSSTt4cHNyAAxqYXZhLm5ldC5VUkmsAXguQ55JqwMAAUwABnN0cmluZ3QAEkxqYXZhL2xhbmcvU3RyaW5nO3hwdABkZmlsZTovLy9DOi9Vc2Vycy91Z29iby9naXQvQW1ha2FEZW1vX21hdmVuL0NsYXNzX2RlX3Rlc3Qvc3JjL3Rlc3QvcmVzb3VyY2VzL0ZlYXR1cmVzL3Nwb3RpZnkuZmVhdHVyZXg=]/[test:rO0ABXNyAChpby5jdWN1bWJlci5qdW5pdC5QaWNrbGVSdW5uZXJzJFBpY2tsZUlkAAAAAAAAAAECAAJJAApwaWNrbGVMaW5lTAADdXJpdAAOTGphdmEvbmV0L1VSSTt4cAAAAAxzcgAMamF2YS5uZXQuVVJJrAF4LkOeSasDAAFMAAZzdHJpbmd0ABJMamF2YS9sYW5nL1N0cmluZzt4cHQAZGZpbGU6Ly8vQzovVXNlcnMvdWdvYm8vZ2l0L0FtYWthRGVtb19tYXZlbi9DbGFzc19kZV90ZXN0L3NyYy90ZXN0L3Jlc291cmNlcy9GZWF0dXJlcy9zcG90aWZ5LmZlYXR1cmV4]"},{"name":"host","value":"LAPTOP-7LBFA3EM"},{"name":"thread","value":"45624@LAPTOP-7LBFA3EM.main(1)"},{"name":"framework","value":"junit-platform"},{"name":"language","value":"java"}],"links":[],"name":"Se connecter WAP #1","status":"failed","statusDetails":{"known":false,"muted":false,"flaky":false,"message":"Multiple Failures (2 failures)\r\n\torg.openqa.selenium.SessionNotCreatedException: Could not start a new session. Response code 500. Message: session not created: This version of ChromeDriver only supports Chrome version 117\nCurrent browser version is 120.0.6099.71 with binary path C:\\Program Files\\Google\\Chrome\\Application\\chrome.exe \nHost info: host: 'LAPTOP-7LBFA3EM', ip: '10.5.0.2'\nBuild info: version: '4.12.1', revision: '8e34639b11'\nSystem info: os.name: 'Windows 11', os.arch: 'amd64', os.version: '10.0', java.version: '17.0.8.1'\nDriver info: org.openqa.selenium.chrome.ChromeDriver\nCommand: [null, newSession {capabilities=[Capabilities {browserName: chrome, goog:chromeOptions: {args: [--remote-allow-origins=*], binary: C:\\Program Files\\Google\\Chr..., extensions: []}}]}]\r\n\tjava.lang.NullPointerException: Cannot invoke \"org.openqa.selenium.WebDriver.quit()\" because \"this.driver\" is null","trace":"org.opentest4j.MultipleFailuresError: Multiple Failures (2 failures)\r\n\torg.openqa.selenium.SessionNotCreatedException: Could not start a new session. Response code 500. Message: session not created: This version of ChromeDriver only supports Chrome version 117\nCurrent browser version is 120.0.6099.71 with binary path C:\\Program Files\\Google\\Chrome\\Application\\chrome.exe \nHost info: host: 'LAPTOP-7LBFA3EM', ip: '10.5.0.2'\nBuild info: version: '4.12.1', revision: '8e34639b11'\nSystem info: os.name: 'Windows 11', os.arch: 'amd64', os.version: '10.0', java.version: '17.0.8.1'\nDriver info: org.openqa.selenium.chrome.ChromeDriver\nCommand: [null, newSession {capabilities=[Capabilities {browserName: chrome, goog:chromeOptions: {args: [--remote-allow-origins=*], binary: C:\\Program Files\\Google\\Chr..., extensions: []}}]}]\r\n\tjava.lang.NullPointerException: Cannot invoke \"org.openqa.selenium.WebDriver.quit()\" because \"this.driver\" is null\r\n\tat org.junit.vintage.engine.execution.TestRun.getStoredResultOrSuccessful(TestRun.java:200)\r\n\tat org.junit.vintage.engine.execution.RunListenerAdapter.fireExecutionFinished(RunListenerAdapter.java:248)\r\n\tat org.junit.vintage.engine.execution.RunListenerAdapter.testFinished(RunListenerAdapter.java:214)\r\n\tat org.junit.vintage.engine.execution.RunListenerAdapter.testFinished(RunListenerAdapter.java:88)\r\n\tat org.junit.runner.notification.SynchronizedRunListener.testFinished(SynchronizedRunListener.java:87)\r\n\tat org.junit.runner.notification.RunNotifier$9.notifyListener(RunNotifier.java:225)\r\n\tat org.junit.runner.notification.RunNotifier$SafeNotifier.run(RunNotifier.java:72)\r\n\tat org.junit.runner.notification.RunNotifier.fireTestFinished(RunNotifier.java:222)\r\n\tat io.cucumber.junit.FeatureRunner.runChild(FeatureRunner.java:150)\r\n\tat io.cucumber.junit.FeatureRunner.runChild(FeatureRunner.java:28)\r\n\tat org.junit.runners.ParentRunner$4.run(ParentRunner.java:331)\r\n\tat org.junit.runners.ParentRunner$1.schedule(ParentRunner.java:79)\r\n\tat org.junit.runners.ParentRunner.runChildren(ParentRunner.java:329)\r\n\tat org.junit.runners.ParentRunner.access$100(ParentRunner.java:66)\r\n\tat org.junit.runners.ParentRunner$2.evaluate(ParentRunner.java:293)\r\n\tat org.junit.runners.ParentRunner$3.evaluate(ParentRunner.java:306)\r\n\tat org.junit.runners.ParentRunner.run(ParentRunner.java:413)\r\n\tat io.cucumber.junit.FeatureRunner.run(FeatureRunner.java:137)\r\n\tat io.cucumber.junit.Cucumber.runChild(Cucumber.java:196)\r\n\tat io.cucumber.junit.Cucumber.runChild(Cucumber.java:89)\r\n\tat org.junit.runners.ParentRunner$4.run(ParentRunner.java:331)\r\n\tat org.junit.runners.ParentRunner$1.schedule(ParentRunner.java:79)\r\n\tat org.junit.runners.ParentRunner.runChildren(ParentRunner.java:329)\r\n\tat org.junit.runners.ParentRunner.access$100(ParentRunner.java:66)\r\n\tat org.junit.runners.ParentRunner$2.evaluate(ParentRunner.java:293)\r\n\tat io.cucumber.core.runtime.CucumberExecutionContext.lambda$runFeatures$6(CucumberExecutionContext.java:148)\r\n\tat io.cucumber.core.runtime.CucumberExecutionContext.execute(CucumberExecutionContext.java:163)\r\n\tat io.cucumber.core.runtime.CucumberExecutionContext.runFeatures(CucumberExecutionContext.java:146)\r\n\tat io.cucumber.junit.Cucumber$StartAndFinishTestRun.evaluate(Cucumber.java:226)\r\n\tat org.junit.runners.ParentRunner$3.evaluate(ParentRunner.java:306)\r\n\tat org.junit.runners.ParentRunner.run(ParentRunner.java:413)\r\n\tat org.junit.runner.JUnitCore.run(JUnitCore.java:137)\r\n\tat org.junit.runner.JUnitCore.run(JUnitCore.java:115)\r\n\tat org.junit.vintage.engine.execution.RunnerExecutor.execute(RunnerExecutor.java:42)\r\n\tat org.junit.vintage.engine.VintageTestEngine.executeAllChildren(VintageTestEngine.java:80)\r\n\tat org.junit.vintage.engine.VintageTestEngine.execute(VintageTestEngine.java:72)\r\n\tat org.junit.platform.launcher.core.EngineExecutionOrchestrator.execute(EngineExecutionOrchestrator.java:147)\r\n\tat org.junit.platform.launcher.core.EngineExecutionOrchestrator.execute(EngineExecutionOrchestrator.java:127)\r\n\tat org.junit.platform.launcher.core.EngineExecutionOrchestrator.execute(EngineExecutionOrchestrator.java:90)\r\n\tat org.junit.platform.launcher.core.EngineExecutionOrchestrator.lambda$execute$0(EngineExecutionOrchestrator.java:55)\r\n\tat org.junit.platform.launcher.core.EngineExecutionOrchestrator.withInterceptedStreams(EngineExecutionOrchestrator.java:102)\r\n\tat org.junit.platform.launcher.core.EngineExecutionOrchestrator.execute(EngineExecutionOrchestrator.java:54)\r\n\tat org.junit.platform.launcher.core.DefaultLauncher.execute(DefaultLauncher.java:114)\r\n\tat org.junit.platform.launcher.core.DefaultLauncher.execute(DefaultLauncher.java:86)\r\n\tat org.junit.platform.launcher.core.DefaultLauncherSession$DelegatingLauncher.execute(DefaultLauncherSession.java:86)\r\n\tat org.apache.maven.surefire.junitplatform.LazyLauncher.execute(LazyLauncher.java:56)\r\n\tat org.apache.maven.surefire.junitplatform.JUnitPlatformProvider.execute(JUnitPlatformProvider.java:184)\r\n\tat org.apache.maven.surefire.junitplatform.JUnitPlatformProvider.invokeAllTests(JUnitPlatformProvider.java:148)\r\n\tat org.apache.maven.surefire.junitplatform.JUnitPlatformProvider.invoke(JUnitPlatformProvider.java:122)\r\n\tat org.apache.maven.surefire.booter.ForkedBooter.runSuitesInProcess(ForkedBooter.java:385)\r\n\tat org.apache.maven.surefire.booter.ForkedBooter.execute(ForkedBooter.java:162)\r\n\tat org.apache.maven.surefire.booter.ForkedBooter.run(ForkedBooter.java:507)\r\n\tat org.apache.maven.surefire.booter.ForkedBooter.main(ForkedBooter.java:495)\r\n\tSuppressed: org.openqa.selenium.SessionNotCreatedException: Could not start a new session. Response code 500. Message: session not created: This version of ChromeDriver only supports Chrome version 117\nCurrent browser version is 120.0.6099.71 with binary path C:\\Program Files\\Google\\Chrome\\Application\\chrome.exe \nHost info: host: 'LAPTOP-7LBFA3EM', ip: '10.5.0.2'\nBuild info: version: '4.12.1', revision: '8e34639b11'\nSystem info: os.name: 'Windows 11', os.arch: 'amd64', os.version: '10.0', java.version: '17.0.8.1'\nDriver info: org.openqa.selenium.chrome.ChromeDriver\nCommand: [null, newSession {capabilities=[Capabilities {browserName: chrome, goog:chromeOptions: {args: [--remote-allow-origins=*], binary: C:\\Program Files\\Google\\Chr..., extensions: []}}]}]\r\n\t\tat org.openqa.selenium.remote.ProtocolHandshake.createSession(ProtocolHandshake.java:140)\r\n\t\tat org.openqa.selenium.remote.ProtocolHandshake.createSession(ProtocolHandshake.java:96)\r\n\t\tat org.openqa.selenium.remote.ProtocolHandshake.createSession(ProtocolHandshake.java:68)\r\n\t\tat org.openqa.selenium.remote.HttpCommandExecutor.execute(HttpCommandExecutor.java:163)\r\n\t\tat org.openqa.selenium.remote.service.DriverCommandExecutor.invokeExecute(DriverCommandExecutor.java:196)\r\n\t\tat org.openqa.selenium.remote.service.DriverCommandExecutor.execute(DriverCommandExecutor.java:171)\r\n\t\tat org.openqa.selenium.remote.RemoteWebDriver.execute(RemoteWebDriver.java:602)\r\n\t\tat org.openqa.selenium.remote.RemoteWebDriver.startSession(RemoteWebDriver.java:236)\r\n\t\tat org.openqa.selenium.remote.RemoteWebDriver.<init>(RemoteWebDriver.java:163)\r\n\t\tat org.openqa.selenium.chromium.ChromiumDriver.<init>(ChromiumDriver.java:108)\r\n\t\tat org.openqa.selenium.chrome.ChromeDriver.<init>(ChromeDriver.java:88)\r\n\t\tat org.openqa.selenium.chrome.ChromeDriver.<init>(ChromeDriver.java:83)\r\n\t\tat org.openqa.selenium.chrome.ChromeDriver.<init>(ChromeDriver.java:51)\r\n\t\tat StepDefinitions.Connect_to_internet.get_driver(Connect_to_internet.java:88)\r\n\t\tat StepDefinitions.spotify.SecondSD_1(spotify.java:31)\r\n\tSuppressed: java.lang.NullPointerException: Cannot invoke \"org.openqa.selenium.WebDriver.quit()\" because \"this.driver\" is null\r\n\t\tat StepDefinitions.spotify.tearDown(spotify.java:38)\r\n"},"stage":"finished","description":"","steps":[],"attachments":[],"parameters":[],"start":1702172620659,"stop":1702172624095}