{"uuid":"69993aa6-b743-4f82-a609-db7c139938ef","historyId":"5d0a4463fd9d9947872810724c7b022d","testCaseId":"[engine:junit-vintage]/[runner:StepDefinitions.TestRunner]/[test:rO0ABXNyAClpby5jdWN1bWJlci5qdW5pdC5GZWF0dXJlUnVubmVyJEZlYXR1cmVJZAAAAAAAAAABAgABTAADdXJpdAAOTGphdmEvbmV0L1VSSTt4cHNyAAxqYXZhLm5ldC5VUkmsAXguQ55JqwMAAUwABnN0cmluZ3QAEkxqYXZhL2xhbmcvU3RyaW5nO3hwdABkZmlsZTovLy9DOi9Vc2Vycy91Z29iby9naXQvQW1ha2FEZW1vX21hdmVuL0NsYXNzX2RlX3Rlc3Qvc3JjL3Rlc3QvcmVzb3VyY2VzL0ZlYXR1cmVzL05ldGZsaXguZmVhdHVyZXg=]/[test:rO0ABXNyAChpby5jdWN1bWJlci5qdW5pdC5QaWNrbGVSdW5uZXJzJFBpY2tsZUlkAAAAAAAAAAECAAJJAApwaWNrbGVMaW5lTAADdXJpdAAOTGphdmEvbmV0L1VSSTt4cAAAABBzcgAMamF2YS5uZXQuVVJJrAF4LkOeSasDAAFMAAZzdHJpbmd0ABJMamF2YS9sYW5nL1N0cmluZzt4cHQAZGZpbGU6Ly8vQzovVXNlcnMvdWdvYm8vZ2l0L0FtYWthRGVtb19tYXZlbi9DbGFzc19kZV90ZXN0L3NyYy90ZXN0L3Jlc291cmNlcy9GZWF0dXJlcy9OZXRmbGl4LmZlYXR1cmV4]","testCaseName":"Connect to Netflix website #2","labels":[{"name":"junit.platform.uniqueid","value":"[engine:junit-vintage]/[runner:StepDefinitions.TestRunner]/[test:rO0ABXNyAClpby5jdWN1bWJlci5qdW5pdC5GZWF0dXJlUnVubmVyJEZlYXR1cmVJZAAAAAAAAAABAgABTAADdXJpdAAOTGphdmEvbmV0L1VSSTt4cHNyAAxqYXZhLm5ldC5VUkmsAXguQ55JqwMAAUwABnN0cmluZ3QAEkxqYXZhL2xhbmcvU3RyaW5nO3hwdABkZmlsZTovLy9DOi9Vc2Vycy91Z29iby9naXQvQW1ha2FEZW1vX21hdmVuL0NsYXNzX2RlX3Rlc3Qvc3JjL3Rlc3QvcmVzb3VyY2VzL0ZlYXR1cmVzL05ldGZsaXguZmVhdHVyZXg=]/[test:rO0ABXNyAChpby5jdWN1bWJlci5qdW5pdC5QaWNrbGVSdW5uZXJzJFBpY2tsZUlkAAAAAAAAAAECAAJJAApwaWNrbGVMaW5lTAADdXJpdAAOTGphdmEvbmV0L1VSSTt4cAAAABBzcgAMamF2YS5uZXQuVVJJrAF4LkOeSasDAAFMAAZzdHJpbmd0ABJMamF2YS9sYW5nL1N0cmluZzt4cHQAZGZpbGU6Ly8vQzovVXNlcnMvdWdvYm8vZ2l0L0FtYWthRGVtb19tYXZlbi9DbGFzc19kZV90ZXN0L3NyYy90ZXN0L3Jlc291cmNlcy9GZWF0dXJlcy9OZXRmbGl4LmZlYXR1cmV4]"},{"name":"host","value":"LAPTOP-7LBFA3EM"},{"name":"thread","value":"21088@LAPTOP-7LBFA3EM.main(1)"},{"name":"framework","value":"junit-platform"},{"name":"language","value":"java"}],"links":[],"name":"Connect to Netflix website #2","status":"failed","statusDetails":{"known":false,"muted":false,"flaky":false,"message":"Multiple Failures (2 failures)\r\n\tio.cucumber.core.exception.CucumberException: Failed to instantiate class StepDefinitions.Spotify\r\n\tio.cucumber.core.exception.CucumberException: Failed to instantiate class StepDefinitions.Connecter_WAP","trace":"org.opentest4j.MultipleFailuresError: Multiple Failures (2 failures)\r\n\tio.cucumber.core.exception.CucumberException: Failed to instantiate class StepDefinitions.Spotify\r\n\tio.cucumber.core.exception.CucumberException: Failed to instantiate class StepDefinitions.Connecter_WAP\r\n\tat org.junit.vintage.engine.execution.TestRun.getStoredResultOrSuccessful(TestRun.java:200)\r\n\tat org.junit.vintage.engine.execution.RunListenerAdapter.fireExecutionFinished(RunListenerAdapter.java:263)\r\n\tat org.junit.vintage.engine.execution.RunListenerAdapter.testFinished(RunListenerAdapter.java:229)\r\n\tat org.junit.vintage.engine.execution.RunListenerAdapter.testFinished(RunListenerAdapter.java:91)\r\n\tat org.junit.runner.notification.SynchronizedRunListener.testFinished(SynchronizedRunListener.java:87)\r\n\tat org.junit.runner.notification.RunNotifier$9.notifyListener(RunNotifier.java:225)\r\n\tat org.junit.runner.notification.RunNotifier$SafeNotifier.run(RunNotifier.java:72)\r\n\tat org.junit.runner.notification.RunNotifier.fireTestFinished(RunNotifier.java:222)\r\n\tat io.cucumber.junit.FeatureRunner.runChild(FeatureRunner.java:150)\r\n\tat io.cucumber.junit.FeatureRunner.runChild(FeatureRunner.java:28)\r\n\tat org.junit.runners.ParentRunner$4.run(ParentRunner.java:331)\r\n\tat org.junit.runners.ParentRunner$1.schedule(ParentRunner.java:79)\r\n\tat org.junit.runners.ParentRunner.runChildren(ParentRunner.java:329)\r\n\tat org.junit.runners.ParentRunner.access$100(ParentRunner.java:66)\r\n\tat org.junit.runners.ParentRunner$2.evaluate(ParentRunner.java:293)\r\n\tat org.junit.runners.ParentRunner$3.evaluate(ParentRunner.java:306)\r\n\tat org.junit.runners.ParentRunner.run(ParentRunner.java:413)\r\n\tat io.cucumber.junit.FeatureRunner.run(FeatureRunner.java:137)\r\n\tat io.cucumber.junit.Cucumber.runChild(Cucumber.java:196)\r\n\tat io.cucumber.junit.Cucumber.runChild(Cucumber.java:89)\r\n\tat org.junit.runners.ParentRunner$4.run(ParentRunner.java:331)\r\n\tat org.junit.runners.ParentRunner$1.schedule(ParentRunner.java:79)\r\n\tat org.junit.runners.ParentRunner.runChildren(ParentRunner.java:329)\r\n\tat org.junit.runners.ParentRunner.access$100(ParentRunner.java:66)\r\n\tat org.junit.runners.ParentRunner$2.evaluate(ParentRunner.java:293)\r\n\tat io.cucumber.core.runtime.CucumberExecutionContext.lambda$runFeatures$6(CucumberExecutionContext.java:147)\r\n\tat io.cucumber.core.runtime.CucumberExecutionContext.execute(CucumberExecutionContext.java:162)\r\n\tat io.cucumber.core.runtime.CucumberExecutionContext.runFeatures(CucumberExecutionContext.java:145)\r\n\tat io.cucumber.junit.Cucumber$StartAndFinishTestRun.evaluate(Cucumber.java:226)\r\n\tat org.junit.runners.ParentRunner$3.evaluate(ParentRunner.java:306)\r\n\tat org.junit.runners.ParentRunner.run(ParentRunner.java:413)\r\n\tat org.junit.runner.JUnitCore.run(JUnitCore.java:137)\r\n\tat org.junit.runner.JUnitCore.run(JUnitCore.java:115)\r\n\tat org.junit.vintage.engine.execution.RunnerExecutor.execute(RunnerExecutor.java:42)\r\n\tat org.junit.vintage.engine.VintageTestEngine.executeAllChildren(VintageTestEngine.java:80)\r\n\tat org.junit.vintage.engine.VintageTestEngine.execute(VintageTestEngine.java:72)\r\n\tat org.junit.platform.launcher.core.EngineExecutionOrchestrator.execute(EngineExecutionOrchestrator.java:147)\r\n\tat org.junit.platform.launcher.core.EngineExecutionOrchestrator.execute(EngineExecutionOrchestrator.java:127)\r\n\tat org.junit.platform.launcher.core.EngineExecutionOrchestrator.execute(EngineExecutionOrchestrator.java:90)\r\n\tat org.junit.platform.launcher.core.EngineExecutionOrchestrator.lambda$execute$0(EngineExecutionOrchestrator.java:55)\r\n\tat org.junit.platform.launcher.core.EngineExecutionOrchestrator.withInterceptedStreams(EngineExecutionOrchestrator.java:102)\r\n\tat org.junit.platform.launcher.core.EngineExecutionOrchestrator.execute(EngineExecutionOrchestrator.java:54)\r\n\tat org.junit.platform.launcher.core.DefaultLauncher.execute(DefaultLauncher.java:114)\r\n\tat org.junit.platform.launcher.core.DefaultLauncher.execute(DefaultLauncher.java:86)\r\n\tat org.junit.platform.launcher.core.DefaultLauncherSession$DelegatingLauncher.execute(DefaultLauncherSession.java:86)\r\n\tat org.apache.maven.surefire.junitplatform.LazyLauncher.execute(LazyLauncher.java:56)\r\n\tat org.apache.maven.surefire.junitplatform.JUnitPlatformProvider.execute(JUnitPlatformProvider.java:184)\r\n\tat org.apache.maven.surefire.junitplatform.JUnitPlatformProvider.invokeAllTests(JUnitPlatformProvider.java:148)\r\n\tat org.apache.maven.surefire.junitplatform.JUnitPlatformProvider.invoke(JUnitPlatformProvider.java:122)\r\n\tat org.apache.maven.surefire.booter.ForkedBooter.runSuitesInProcess(ForkedBooter.java:385)\r\n\tat org.apache.maven.surefire.booter.ForkedBooter.execute(ForkedBooter.java:162)\r\n\tat org.apache.maven.surefire.booter.ForkedBooter.run(ForkedBooter.java:507)\r\n\tat org.apache.maven.surefire.booter.ForkedBooter.main(ForkedBooter.java:495)\r\n\tSuppressed: io.cucumber.core.exception.CucumberException: Failed to instantiate class StepDefinitions.Spotify\r\n\t\tat io.cucumber.core.backend.DefaultObjectFactory.cacheNewInstance(DefaultObjectFactory.java:67)\r\n\t\tat io.cucumber.core.backend.DefaultObjectFactory.getInstance(DefaultObjectFactory.java:45)\r\n\t\tat io.cucumber.java.AbstractGlueDefinition.invokeMethod(AbstractGlueDefinition.java:47)\r\n\t\tat io.cucumber.java.JavaStepDefinition.execute(JavaStepDefinition.java:29)\r\n\t\tat io.cucumber.core.runner.CoreStepDefinition.execute(CoreStepDefinition.java:66)\r\n\t\tat io.cucumber.core.runner.PickleStepDefinitionMatch.runStep(PickleStepDefinitionMatch.java:63)\r\n\t\tat io.cucumber.core.runner.ExecutionMode$1.execute(ExecutionMode.java:10)\r\n\t\tat io.cucumber.core.runner.TestStep.executeStep(TestStep.java:81)\r\n\t\tat io.cucumber.core.runner.TestStep.run(TestStep.java:53)\r\n\t\tat io.cucumber.core.runner.PickleStepTestStep.run(PickleStepTestStep.java:51)\r\n\t\tat io.cucumber.core.runner.TestCase.run(TestCase.java:84)\r\n\t\tat io.cucumber.core.runner.Runner.runPickle(Runner.java:75)\r\n\t\tat io.cucumber.junit.PickleRunners$NoStepDescriptions.lambda$run$0(PickleRunners.java:151)\r\n\t\tat io.cucumber.core.runtime.CucumberExecutionContext.lambda$runTestCase$5(CucumberExecutionContext.java:136)\r\n\t\tat io.cucumber.core.runtime.RethrowingThrowableCollector.executeAndThrow(RethrowingThrowableCollector.java:23)\r\n\t\tat io.cucumber.core.runtime.CucumberExecutionContext.runTestCase(CucumberExecutionContext.java:136)\r\n\t\tat io.cucumber.junit.PickleRunners$NoStepDescriptions.run(PickleRunners.java:148)\r\n\t\tat io.cucumber.junit.FeatureRunner.runChild(FeatureRunner.java:144)\r\n\t\t... 44 more\r\n\tCaused by: java.lang.reflect.InvocationTargetException\r\n\t\tat java.base/jdk.internal.reflect.NativeConstructorAccessorImpl.newInstance0(Native Method)\r\n\t\tat java.base/jdk.internal.reflect.NativeConstructorAccessorImpl.newInstance(NativeConstructorAccessorImpl.java:77)\r\n\t\tat java.base/jdk.internal.reflect.DelegatingConstructorAccessorImpl.newInstance(DelegatingConstructorAccessorImpl.java:45)\r\n\t\tat java.base/java.lang.reflect.Constructor.newInstanceWithCaller(Constructor.java:499)\r\n\t\tat java.base/java.lang.reflect.Constructor.newInstance(Constructor.java:480)\r\n\t\tat io.cucumber.core.backend.DefaultObjectFactory.cacheNewInstance(DefaultObjectFactory.java:53)\r\n\t\t... 61 more\r\n\tCaused by: org.openqa.selenium.SessionNotCreatedException: Could not start a new session. Possible causes are invalid address of the remote server or browser start-up failure. \nHost info: host: 'LAPTOP-7LBFA3EM', ip: '192.168.1.78'\nBuild info: version: '4.20.0', revision: '866c76ca80'\nSystem info: os.name: 'Windows 11', os.arch: 'amd64', os.version: '10.0', java.version: '17.0.8.1'\nDriver info: org.openqa.selenium.remote.RemoteWebDriver\nCommand: [null, newSession {capabilities=[Capabilities {browserName: chrome, goog:chromeOptions: {args: [], extensions: []}}]}]\nCapabilities {browserName: chrome, goog:chromeOptions: {args: [], extensions: []}}\r\n\t\tat org.openqa.selenium.remote.RemoteWebDriver.execute(RemoteWebDriver.java:536)\r\n\t\tat org.openqa.selenium.remote.RemoteWebDriver.startSession(RemoteWebDriver.java:232)\r\n\t\tat org.openqa.selenium.remote.RemoteWebDriver.<init>(RemoteWebDriver.java:161)\r\n\t\tat org.openqa.selenium.remote.RemoteWebDriver.<init>(RemoteWebDriver.java:141)\r\n\t\tat StepDefinitions.Connect_to_internet.get_driver(Connect_to_internet.java:58)\r\n\t\tat StepDefinitions.Spotify.<init>(Spotify.java:26)\r\n\t\t... 67 more\r\n\tCaused by: java.io.UncheckedIOException: java.net.ConnectException\r\n\t\tat org.openqa.selenium.remote.http.jdk.JdkHttpClient.execute0(JdkHttpClient.java:436)\r\n\t\tat org.openqa.selenium.remote.http.AddSeleniumUserAgent.lambda$apply$0(AddSeleniumUserAgent.java:42)\r\n\t\tat org.openqa.selenium.remote.http.Filter.lambda$andFinally$1(Filter.java:55)\r\n\t\tat org.openqa.selenium.remote.http.jdk.JdkHttpClient.execute(JdkHttpClient.java:352)\r\n\t\tat org.openqa.selenium.remote.tracing.TracedHttpClient.execute(TracedHttpClient.java:54)\r\n\t\tat org.openqa.selenium.remote.ProtocolHandshake.createSession(ProtocolHandshake.java:89)\r\n\t\tat org.openqa.selenium.remote.ProtocolHandshake.createSession(ProtocolHandshake.java:75)\r\n\t\tat org.openqa.selenium.remote.ProtocolHandshake.createSession(ProtocolHandshake.java:61)\r\n\t\tat org.openqa.selenium.remote.HttpCommandExecutor.execute(HttpCommandExecutor.java:162)\r\n\t\tat org.openqa.selenium.remote.TracedCommandExecutor.execute(TracedCommandExecutor.java:51)\r\n\t\tat org.openqa.selenium.remote.RemoteWebDriver.execute(RemoteWebDriver.java:518)\r\n\t\t... 72 more\r\n\tCaused by: java.net.ConnectException\r\n\t\tat java.net.http/jdk.internal.net.http.common.Utils.toConnectException(Utils.java:1055)\r\n\t\tat java.net.http/jdk.internal.net.http.PlainHttpConnection.connectAsync(PlainHttpConnection.java:198)\r\n\t\tat java.net.http/jdk.internal.net.http.Http1Exchange.sendHeadersAsync(Http1Exchange.java:239)\r\n\t\tat java.net.http/jdk.internal.net.http.Exchange.lambda$responseAsyncImpl0$9(Exchange.java:472)\r\n\t\tat java.net.http/jdk.internal.net.http.Exchange.checkFor407(Exchange.java:404)\r\n\t\tat java.net.http/jdk.internal.net.http.Exchange.lambda$responseAsyncImpl0$10(Exchange.java:476)\r\n\t\tat java.base/java.util.concurrent.CompletableFuture.uniHandle(CompletableFuture.java:934)\r\n\t\tat java.base/java.util.concurrent.CompletableFuture.uniHandleStage(CompletableFuture.java:950)\r\n\t\tat java.base/java.util.concurrent.CompletableFuture.handle(CompletableFuture.java:2340)\r\n\t\tat java.net.http/jdk.internal.net.http.Exchange.responseAsyncImpl0(Exchange.java:476)\r\n\t\tat java.net.http/jdk.internal.net.http.Exchange.responseAsyncImpl(Exchange.java:380)\r\n\t\tat java.net.http/jdk.internal.net.http.Exchange.responseAsync(Exchange.java:372)\r\n\t\tat java.net.http/jdk.internal.net.http.MultiExchange.responseAsyncImpl(MultiExchange.java:408)\r\n\t\tat java.net.http/jdk.internal.net.http.MultiExchange.lambda$responseAsyncImpl$7(MultiExchange.java:449)\r\n\t\tat java.base/java.util.concurrent.CompletableFuture.uniHandle(CompletableFuture.java:934)\r\n\t\tat java.base/java.util.concurrent.CompletableFuture.uniHandleStage(CompletableFuture.java:950)\r\n\t\tat java.base/java.util.concurrent.CompletableFuture.handle(CompletableFuture.java:2340)\r\n\t\tat java.net.http/jdk.internal.net.http.MultiExchange.responseAsyncImpl(MultiExchange.java:439)\r\n\t\tat java.net.http/jdk.internal.net.http.MultiExchange.lambda$responseAsync0$2(MultiExchange.java:341)\r\n\t\tat java.base/java.util.concurrent.CompletableFuture$UniCompose.tryFire(CompletableFuture.java:1150)\r\n\t\tat java.base/java.util.concurrent.CompletableFuture.postComplete(CompletableFuture.java:510)\r\n\t\tat java.base/java.util.concurrent.CompletableFuture$AsyncSupply.run(CompletableFuture.java:1773)\r\n\t\tat java.base/java.util.concurrent.ThreadPoolExecutor.runWorker(ThreadPoolExecutor.java:1136)\r\n\t\tat java.base/java.util.concurrent.ThreadPoolExecutor$Worker.run(ThreadPoolExecutor.java:635)\r\n\t\tat java.base/java.lang.Thread.run(Thread.java:833)\r\n\tCaused by: java.nio.channels.UnresolvedAddressException\r\n\t\tat java.base/sun.nio.ch.Net.checkAddress(Net.java:149)\r\n\t\tat java.base/sun.nio.ch.Net.checkAddress(Net.java:157)\r\n\t\tat java.base/sun.nio.ch.SocketChannelImpl.checkRemote(SocketChannelImpl.java:816)\r\n\t\tat java.base/sun.nio.ch.SocketChannelImpl.connect(SocketChannelImpl.java:839)\r\n\t\tat java.net.http/jdk.internal.net.http.PlainHttpConnection.lambda$connectAsync$0(PlainHttpConnection.java:183)\r\n\t\tat java.base/java.security.AccessController.doPrivileged(AccessController.java:569)\r\n\t\tat java.net.http/jdk.internal.net.http.PlainHttpConnection.connectAsync(PlainHttpConnection.java:185)\r\n\t\t... 23 more\r\n\tSuppressed: io.cucumber.core.exception.CucumberException: Failed to instantiate class StepDefinitions.Connecter_WAP\r\n\t\tat io.cucumber.core.backend.DefaultObjectFactory.cacheNewInstance(DefaultObjectFactory.java:67)\r\n\t\tat io.cucumber.core.backend.DefaultObjectFactory.getInstance(DefaultObjectFactory.java:45)\r\n\t\tat io.cucumber.java.AbstractGlueDefinition.invokeMethod(AbstractGlueDefinition.java:47)\r\n\t\tat io.cucumber.java.JavaHookDefinition.execute(JavaHookDefinition.java:64)\r\n\t\tat io.cucumber.core.runner.CoreHookDefinition.execute(CoreHookDefinition.java:46)\r\n\t\tat io.cucumber.core.runner.HookDefinitionMatch.runStep(HookDefinitionMatch.java:21)\r\n\t\tat io.cucumber.core.runner.ExecutionMode$1.execute(ExecutionMode.java:10)\r\n\t\tat io.cucumber.core.runner.TestStep.executeStep(TestStep.java:81)\r\n\t\tat io.cucumber.core.runner.TestStep.run(TestStep.java:53)\r\n\t\tat io.cucumber.core.runner.TestCase.run(TestCase.java:90)\r\n\t\tat io.cucumber.core.runner.Runner.runPickle(Runner.java:75)\r\n\t\tat io.cucumber.junit.PickleRunners$NoStepDescriptions.lambda$run$0(PickleRunners.java:151)\r\n\t\tat io.cucumber.core.runtime.CucumberExecutionContext.lambda$runTestCase$5(CucumberExecutionContext.java:136)\r\n\t\tat io.cucumber.core.runtime.RethrowingThrowableCollector.executeAndThrow(RethrowingThrowableCollector.java:23)\r\n\t\tat io.cucumber.core.runtime.CucumberExecutionContext.runTestCase(CucumberExecutionContext.java:136)\r\n\t\tat io.cucumber.junit.PickleRunners$NoStepDescriptions.run(PickleRunners.java:148)\r\n\t\tat io.cucumber.junit.FeatureRunner.runChild(FeatureRunner.java:144)\r\n\t\t... 44 more\r\n\tCaused by: java.lang.reflect.InvocationTargetException\r\n\t\tat java.base/jdk.internal.reflect.NativeConstructorAccessorImpl.newInstance0(Native Method)\r\n\t\tat java.base/jdk.internal.reflect.NativeConstructorAccessorImpl.newInstance(NativeConstructorAccessorImpl.java:77)\r\n\t\tat java.base/jdk.internal.reflect.DelegatingConstructorAccessorImpl.newInstance(DelegatingConstructorAccessorImpl.java:45)\r\n\t\tat java.base/java.lang.reflect.Constructor.newInstanceWithCaller(Constructor.java:499)\r\n\t\tat java.base/java.lang.reflect.Constructor.newInstance(Constructor.java:480)\r\n\t\tat io.cucumber.core.backend.DefaultObjectFactory.cacheNewInstance(DefaultObjectFactory.java:53)\r\n\t\t... 60 more\r\n\tCaused by: org.openqa.selenium.SessionNotCreatedException: Could not start a new session. Possible causes are invalid address of the remote server or browser start-up failure. \nHost info: host: 'LAPTOP-7LBFA3EM', ip: '192.168.1.78'\nBuild info: version: '4.20.0', revision: '866c76ca80'\nSystem info: os.name: 'Windows 11', os.arch: 'amd64', os.version: '10.0', java.version: '17.0.8.1'\nDriver info: org.openqa.selenium.remote.RemoteWebDriver\nCommand: [null, newSession {capabilities=[Capabilities {browserName: chrome, goog:chromeOptions: {args: [], extensions: []}}]}]\nCapabilities {browserName: chrome, goog:chromeOptions: {args: [], extensions: []}}\r\n\t\tat org.openqa.selenium.remote.RemoteWebDriver.execute(RemoteWebDriver.java:536)\r\n\t\tat org.openqa.selenium.remote.RemoteWebDriver.startSession(RemoteWebDriver.java:232)\r\n\t\tat org.openqa.selenium.remote.RemoteWebDriver.<init>(RemoteWebDriver.java:161)\r\n\t\tat org.openqa.selenium.remote.RemoteWebDriver.<init>(RemoteWebDriver.java:141)\r\n\t\tat StepDefinitions.Connect_to_internet.get_driver(Connect_to_internet.java:58)\r\n\t\tat StepDefinitions.Connecter_WAP.<init>(Connecter_WAP.java:30)\r\n\t\t... 66 more\r\n\tCaused by: java.io.UncheckedIOException: java.net.ConnectException\r\n\t\tat org.openqa.selenium.remote.http.jdk.JdkHttpClient.execute0(JdkHttpClient.java:436)\r\n\t\tat org.openqa.selenium.remote.http.AddSeleniumUserAgent.lambda$apply$0(AddSeleniumUserAgent.java:42)\r\n\t\tat org.openqa.selenium.remote.http.Filter.lambda$andFinally$1(Filter.java:55)\r\n\t\tat org.openqa.selenium.remote.http.jdk.JdkHttpClient.execute(JdkHttpClient.java:352)\r\n\t\tat org.openqa.selenium.remote.tracing.TracedHttpClient.execute(TracedHttpClient.java:54)\r\n\t\tat org.openqa.selenium.remote.ProtocolHandshake.createSession(ProtocolHandshake.java:89)\r\n\t\tat org.openqa.selenium.remote.ProtocolHandshake.createSession(ProtocolHandshake.java:75)\r\n\t\tat org.openqa.selenium.remote.ProtocolHandshake.createSession(ProtocolHandshake.java:61)\r\n\t\tat org.openqa.selenium.remote.HttpCommandExecutor.execute(HttpCommandExecutor.java:162)\r\n\t\tat org.openqa.selenium.remote.TracedCommandExecutor.execute(TracedCommandExecutor.java:51)\r\n\t\tat org.openqa.selenium.remote.RemoteWebDriver.execute(RemoteWebDriver.java:518)\r\n\t\t... 71 more\r\n\tCaused by: java.net.ConnectException\r\n\t\tat java.net.http/jdk.internal.net.http.common.Utils.toConnectException(Utils.java:1055)\r\n\t\tat java.net.http/jdk.internal.net.http.PlainHttpConnection.connectAsync(PlainHttpConnection.java:198)\r\n\t\tat java.net.http/jdk.internal.net.http.Http1Exchange.sendHeadersAsync(Http1Exchange.java:239)\r\n\t\tat java.net.http/jdk.internal.net.http.Exchange.lambda$responseAsyncImpl0$9(Exchange.java:472)\r\n\t\tat java.net.http/jdk.internal.net.http.Exchange.checkFor407(Exchange.java:404)\r\n\t\tat java.net.http/jdk.internal.net.http.Exchange.lambda$responseAsyncImpl0$10(Exchange.java:476)\r\n\t\tat java.base/java.util.concurrent.CompletableFuture.uniHandle(CompletableFuture.java:934)\r\n\t\tat java.base/java.util.concurrent.CompletableFuture.uniHandleStage(CompletableFuture.java:950)\r\n\t\tat java.base/java.util.concurrent.CompletableFuture.handle(CompletableFuture.java:2340)\r\n\t\tat java.net.http/jdk.internal.net.http.Exchange.responseAsyncImpl0(Exchange.java:476)\r\n\t\tat java.net.http/jdk.internal.net.http.Exchange.responseAsyncImpl(Exchange.java:380)\r\n\t\tat java.net.http/jdk.internal.net.http.Exchange.responseAsync(Exchange.java:372)\r\n\t\tat java.net.http/jdk.internal.net.http.MultiExchange.responseAsyncImpl(MultiExchange.java:408)\r\n\t\tat java.net.http/jdk.internal.net.http.MultiExchange.lambda$responseAsyncImpl$7(MultiExchange.java:449)\r\n\t\tat java.base/java.util.concurrent.CompletableFuture.uniHandle(CompletableFuture.java:934)\r\n\t\tat java.base/java.util.concurrent.CompletableFuture.uniHandleStage(CompletableFuture.java:950)\r\n\t\tat java.base/java.util.concurrent.CompletableFuture.handle(CompletableFuture.java:2340)\r\n\t\tat java.net.http/jdk.internal.net.http.MultiExchange.responseAsyncImpl(MultiExchange.java:439)\r\n\t\tat java.net.http/jdk.internal.net.http.MultiExchange.lambda$responseAsync0$2(MultiExchange.java:341)\r\n\t\tat java.base/java.util.concurrent.CompletableFuture$UniCompose.tryFire(CompletableFuture.java:1150)\r\n\t\tat java.base/java.util.concurrent.CompletableFuture.postComplete(CompletableFuture.java:510)\r\n\t\tat java.base/java.util.concurrent.CompletableFuture$AsyncSupply.run(CompletableFuture.java:1773)\r\n\t\tat java.base/java.util.concurrent.ThreadPoolExecutor.runWorker(ThreadPoolExecutor.java:1136)\r\n\t\tat java.base/java.util.concurrent.ThreadPoolExecutor$Worker.run(ThreadPoolExecutor.java:635)\r\n\t\tat java.base/java.lang.Thread.run(Thread.java:833)\r\n\tCaused by: java.nio.channels.UnresolvedAddressException\r\n\t\tat java.base/sun.nio.ch.Net.checkAddress(Net.java:149)\r\n\t\tat java.base/sun.nio.ch.Net.checkAddress(Net.java:157)\r\n\t\tat java.base/sun.nio.ch.SocketChannelImpl.checkRemote(SocketChannelImpl.java:816)\r\n\t\tat java.base/sun.nio.ch.SocketChannelImpl.connect(SocketChannelImpl.java:839)\r\n\t\tat java.net.http/jdk.internal.net.http.PlainHttpConnection.lambda$connectAsync$0(PlainHttpConnection.java:183)\r\n\t\tat java.base/java.security.AccessController.doPrivileged(AccessController.java:569)\r\n\t\tat java.net.http/jdk.internal.net.http.PlainHttpConnection.connectAsync(PlainHttpConnection.java:185)\r\n\t\t... 23 more\r\n"},"stage":"finished","description":"","steps":[],"attachments":[],"parameters":[],"start":1714354256215,"stop":1714354256251}